# JRE version: OpenJDK Runtime Environment (8.0_242-b01) (build 1.8.0_242-release-1644-b01)
# Java VM: OpenJDK 64-Bit Server VM (25.242-b01 mixed mode windows-amd64 compressed oops)
Heap:
 PSYoungGen      total 192512K, used 25261K [0x00000000d5580000, 0x00000000e3b00000, 0x0000000100000000)
  eden space 170496K, 1% used [0x00000000d5580000,0x00000000d58bd010,0x00000000dfc00000)
  from space 22016K, 99% used [0x00000000e2580000,0x00000000e3aee680,0x00000000e3b00000)
  to   space 28672K, 0% used [0x00000000e0300000,0x00000000e0300000,0x00000000e1f00000)
 ParOldGen       total 143360K, used 57983K [0x0000000080000000, 0x0000000088c00000, 0x00000000d5580000)
  object space 143360K, 40% used [0x0000000080000000,0x000000008389fe20,0x0000000088c00000)
 Metaspace       used 84963K, capacity 89602K, committed 89728K, reserved 1126400K
  class space    used 11157K, capacity 12061K, committed 12160K, reserved 1048576K
GC Heap History (10 events):
Event: 28.705 GC heap before
{Heap before GC invocations=17 (full 3):
 PSYoungGen      total 181760K, used 176499K [0x00000000d5580000, 0x00000000e3480000, 0x0000000100000000)
  eden space 163328K, 100% used [0x00000000d5580000,0x00000000df500000,0x00000000df500000)
  from space 18432K, 71% used [0x00000000df500000,0x00000000e01dccf8,0x00000000e0700000)
  to   space 18944K, 0% used [0x00000000e2200000,0x00000000e2200000,0x00000000e3480000)
 ParOldGen       total 143360K, used 33850K [0x0000000080000000, 0x0000000088c00000, 0x00000000d5580000)
  object space 143360K, 23% used [0x0000000080000000,0x000000008210ea18,0x0000000088c00000)
 Metaspace       used 72317K, capacity 75500K, committed 75776K, reserved 1114112K
  class space    used 9848K, capacity 10457K, committed 10496K, reserved 1048576K
Event: 28.817 GC heap after
Heap after GC invocations=17 (full 3):
 PSYoungGen      total 205824K, used 18921K [0x00000000d5580000, 0x00000000e3a00000, 0x0000000100000000)
  eden space 186880K, 0% used [0x00000000d5580000,0x00000000d5580000,0x00000000e0c00000)
  from space 18944K, 99% used [0x00000000e2200000,0x00000000e347a520,0x00000000e3480000)
  to   space 22528K, 0% used [0x00000000e0c00000,0x00000000e0c00000,0x00000000e2200000)
 ParOldGen       total 143360K, used 37139K [0x0000000080000000, 0x0000000088c00000, 0x00000000d5580000)
  object space 143360K, 25% used [0x0000000080000000,0x0000000082444fe8,0x0000000088c00000)
 Metaspace       used 72317K, capacity 75500K, committed 75776K, reserved 1114112K
  class space    used 9848K, capacity 10457K, committed 10496K, reserved 1048576K
}
Event: 266.387 GC heap before
{Heap before GC invocations=18 (full 3):
 PSYoungGen      total 205824K, used 205801K [0x00000000d5580000, 0x00000000e3a00000, 0x0000000100000000)
  eden space 186880K, 100% used [0x00000000d5580000,0x00000000e0c00000,0x00000000e0c00000)
  from space 18944K, 99% used [0x00000000e2200000,0x00000000e347a520,0x00000000e3480000)
  to   space 22528K, 0% used [0x00000000e0c00000,0x00000000e0c00000,0x00000000e2200000)
 ParOldGen       total 143360K, used 37139K [0x0000000080000000, 0x0000000088c00000, 0x00000000d5580000)
  object space 143360K, 25% used [0x0000000080000000,0x0000000082444fe8,0x0000000088c00000)
 Metaspace       used 79874K, capacity 83416K, committed 83456K, reserved 1122304K
  class space    used 10542K, capacity 11253K, committed 11264K, reserved 1048576K
Event: 266.411 GC heap after
Heap after GC invocations=18 (full 3):
 PSYoungGen      total 209408K, used 22523K [0x00000000d5580000, 0x00000000e5b00000, 0x0000000100000000)
  eden space 186880K, 0% used [0x00000000d5580000,0x00000000d5580000,0x00000000e0c00000)
  from space 22528K, 99% used [0x00000000e0c00000,0x00000000e21fefe8,0x00000000e2200000)
  to   space 28672K, 0% used [0x00000000e3f00000,0x00000000e3f00000,0x00000000e5b00000)
 ParOldGen       total 143360K, used 44742K [0x0000000080000000, 0x0000000088c00000, 0x00000000d5580000)
  object space 143360K, 31% used [0x0000000080000000,0x0000000082bb1910,0x0000000088c00000)
 Metaspace       used 79874K, capacity 83416K, committed 83456K, reserved 1122304K
  class space    used 10542K, capacity 11253K, committed 11264K, reserved 1048576K
}
Event: 400.622 GC heap before
{Heap before GC invocations=19 (full 3):
 PSYoungGen      total 209408K, used 209403K [0x00000000d5580000, 0x00000000e5b00000, 0x0000000100000000)
  eden space 186880K, 100% used [0x00000000d5580000,0x00000000e0c00000,0x00000000e0c00000)
  from space 22528K, 99% used [0x00000000e0c00000,0x00000000e21fefe8,0x00000000e2200000)
  to   space 28672K, 0% used [0x00000000e3f00000,0x00000000e3f00000,0x00000000e5b00000)
 ParOldGen       total 143360K, used 44742K [0x0000000080000000, 0x0000000088c00000, 0x00000000d5580000)
  object space 143360K, 31% used [0x0000000080000000,0x0000000082bb1910,0x0000000088c00000)
 Metaspace       used 80871K, capacity 84618K, committed 84864K, reserved 1122304K
  class space    used 10599K, capacity 11342K, committed 11392K, reserved 1048576K
Event: 400.656 GC heap after
Heap after GC invocations=19 (full 3):
 PSYoungGen      total 196608K, used 15181K [0x00000000d5580000, 0x00000000e4e00000, 0x0000000100000000)
  eden space 181248K, 0% used [0x00000000d5580000,0x00000000d5580000,0x00000000e0680000)
  from space 15360K, 98% used [0x00000000e3f00000,0x00000000e4dd3440,0x00000000e4e00000)
  to   space 27648K, 0% used [0x00000000e1800000,0x00000000e1800000,0x00000000e3300000)
 ParOldGen       total 143360K, used 57967K [0x0000000080000000, 0x0000000088c00000, 0x00000000d5580000)
  object space 143360K, 40% used [0x0000000080000000,0x000000008389be20,0x0000000088c00000)
 Metaspace       used 80871K, capacity 84618K, committed 84864K, reserved 1122304K
  class space    used 10599K, capacity 11342K, committed 11392K, reserved 1048576K
}
Event: 8805.566 GC heap before
{Heap before GC invocations=20 (full 3):
 PSYoungGen      total 196608K, used 196429K [0x00000000d5580000, 0x00000000e4e00000, 0x0000000100000000)
  eden space 181248K, 100% used [0x00000000d5580000,0x00000000e0680000,0x00000000e0680000)
  from space 15360K, 98% used [0x00000000e3f00000,0x00000000e4dd3440,0x00000000e4e00000)
  to   space 27648K, 0% used [0x00000000e1800000,0x00000000e1800000,0x00000000e3300000)
 ParOldGen       total 143360K, used 57967K [0x0000000080000000, 0x0000000088c00000, 0x00000000d5580000)
  object space 143360K, 40% used [0x0000000080000000,0x000000008389be20,0x0000000088c00000)
 Metaspace       used 81696K, capacity 85658K, committed 85760K, reserved 1124352K
  class space    used 10674K, capacity 11457K, committed 11520K, reserved 1048576K
Event: 8805.773 GC heap after
Heap after GC invocations=20 (full 3):
 PSYoungGen      total 188416K, used 12595K [0x00000000d5580000, 0x00000000e3f80000, 0x0000000100000000)
  eden space 175616K, 0% used [0x00000000d5580000,0x00000000d5580000,0x00000000e0100000)
  from space 12800K, 98% used [0x00000000e1800000,0x00000000e244cf38,0x00000000e2480000)
  to   space 26624K, 0% used [0x00000000e2580000,0x00000000e2580000,0x00000000e3f80000)
 ParOldGen       total 143360K, used 57975K [0x0000000080000000, 0x0000000088c00000, 0x00000000d5580000)
  object space 143360K, 40% used [0x0000000080000000,0x000000008389de20,0x0000000088c00000)
 Metaspace       used 81696K, capacity 85658K, committed 85760K, reserved 1124352K
  class space    used 10674K, capacity 11457K, committed 11520K, reserved 1048576K
}
Event: 8807.531 GC heap before
{Heap before GC invocations=21 (full 3):
 PSYoungGen      total 188416K, used 188211K [0x00000000d5580000, 0x00000000e3f80000, 0x0000000100000000)
  eden space 175616K, 100% used [0x00000000d5580000,0x00000000e0100000,0x00000000e0100000)
  from space 12800K, 98% used [0x00000000e1800000,0x00000000e244cf38,0x00000000e2480000)
  to   space 26624K, 0% used [0x00000000e2580000,0x00000000e2580000,0x00000000e3f80000)
 ParOldGen       total 143360K, used 57975K [0x0000000080000000, 0x0000000088c00000, 0x00000000d5580000)
  object space 143360K, 40% used [0x0000000080000000,0x000000008389de20,0x0000000088c00000)
 Metaspace       used 84912K, capacity 89474K, committed 89728K, reserved 1126400K
  class space    used 11151K, capacity 12061K, committed 12160K, reserved 1048576K
Event: 8807.571 GC heap after
Heap after GC invocations=21 (full 3):
 PSYoungGen      total 192512K, used 21945K [0x00000000d5580000, 0x00000000e3b00000, 0x0000000100000000)
  eden space 170496K, 0% used [0x00000000d5580000,0x00000000d5580000,0x00000000dfc00000)
  from space 22016K, 99% used [0x00000000e2580000,0x00000000e3aee680,0x00000000e3b00000)
  to   space 28672K, 0% used [0x00000000e0300000,0x00000000e0300000,0x00000000e1f00000)
 ParOldGen       total 143360K, used 57983K [0x0000000080000000, 0x0000000088c00000, 0x00000000d5580000)
  object space 143360K, 40% used [0x0000000080000000,0x000000008389fe20,0x0000000088c00000)
 Metaspace       used 84912K, capacity 89474K, committed 89728K, reserved 1126400K
  class space    used 11151K, capacity 12061K, committed 12160K, reserved 1048576K
}

